{
  "stats": {
    "suites": 1,
    "tests": 1,
    "passes": 1,
    "pending": 0,
    "failures": 0,
    "start": "2019-06-29T18:15:57.319Z",
    "end": "2019-06-29T18:16:00.407Z",
    "duration": 3088,
    "testsRegistered": 1,
    "passPercent": 100,
    "pendingPercent": 0,
    "other": 0,
    "hasOther": false,
    "skipped": 0,
    "hasSkipped": false,
    "passPercentClass": "success",
    "pendingPercentClass": "danger"
  },
  "suites": {
    "uuid": "3fb1b657-14bf-46ca-96d9-2db63af764bf",
    "title": "",
    "fullFile": "",
    "file": "",
    "beforeHooks": [],
    "afterHooks": [],
    "tests": [],
    "suites": [
      {
        "uuid": "ccf5820b-ab9d-4144-b994-1e0c2f97a648",
        "title": "just testing",
        "fullFile": "",
        "file": "",
        "beforeHooks": [],
        "afterHooks": [],
        "tests": [
          {
            "title": "will just test a few basic things...",
            "fullTitle": "just testing will just test a few basic things...",
            "duration": 1796,
            "state": "passed",
            "speed": "slow",
            "pass": true,
            "fail": false,
            "pending": false,
            "code": "var userName = Cypress.env('USERNAME');\nvar pass = Cypress.env('PASSWORD');\ncy.visit('localhost:8080/#/testPage');\ncy.get('[data-cy=passField]').type(pass);\ncy.get('[data-cy=userField]').type(userName);\ncy.get('[data-cy=typedUserName]').contains(userName);\ncy.get('[data-cy=typedPassword]').contains(pass);",
            "err": {},
            "isRoot": false,
            "uuid": "a65c7847-bc5d-449e-8169-ff05b169a29d",
            "isHook": false,
            "skipped": false
          }
        ],
        "suites": [],
        "passes": [
          "a65c7847-bc5d-449e-8169-ff05b169a29d"
        ],
        "failures": [],
        "pending": [],
        "skipped": [],
        "duration": 1796,
        "root": false,
        "rootEmpty": false,
        "_timeout": 2000
      }
    ],
    "passes": [],
    "failures": [],
    "pending": [],
    "skipped": [],
    "duration": 0,
    "root": true,
    "rootEmpty": true,
    "_timeout": 2000
  },
  "copyrightYear": 2019
}